<?xml version="1.0" encoding="UTF-8" ?>
<testsuite failures="0" time="35.864" errors="0" skipped="0" tests="28" name="TestSuite">
  <properties>
[...]
</properties>
  <testcase time="1.438" classname="org.wso2.carbon.connector.integration.test.tumblr.TumblrConnectoreIntegrationTest" name="testTumblrCreateTextPost"/>
  <testcase time="1.265" classname="org.wso2.carbon.connector.integration.test.tumblr.TumblrConnectoreIntegrationTest" name="testTumblrEditTextPost"/>
  <testcase time="0.892" classname="org.wso2.carbon.connector.integration.test.tumblr.TumblrConnectoreIntegrationTest" name="testTumblrGetAvatar"/>
  <testcase time="1.05" classname="org.wso2.carbon.connector.integration.test.tumblr.TumblrConnectoreIntegrationTest" name="testTumblrGetBlogInfo"/>
  <testcase time="1.237" classname="org.wso2.carbon.connector.integration.test.tumblr.TumblrConnectoreIntegrationTest" name="testTumblrGetBlogLikes"/>
  <testcase time="1.443" classname="org.wso2.carbon.connector.integration.test.tumblr.TumblrConnectoreIntegrationTest" name="testTumblrGetDraftedPosts"/>
  <testcase time="2.235" classname="org.wso2.carbon.connector.integration.test.tumblr.TumblrConnectoreIntegrationTest" name="testTumblrGetFollowers"/>
  <testcase time="1.285" classname="org.wso2.carbon.connector.integration.test.tumblr.TumblrConnectoreIntegrationTest" name="testTumblrGetPosts"/>
  <testcase time="1.067" classname="org.wso2.carbon.connector.integration.test.tumblr.TumblrConnectoreIntegrationTest" name="testTumblrGetQueuedPosts"/>
  <testcase time="1.791" classname="org.wso2.carbon.connector.integration.test.tumblr.TumblrConnectoreIntegrationTest" name="testTumblrReblogTextPost"/>
  <testcase time="1.088" classname="org.wso2.carbon.connector.integration.test.tumblr.TumblrConnectoreIntegrationTest" name="testTumblrDeletePost"/>
  <testcase time="1.1" classname="org.wso2.carbon.connector.integration.test.tumblr.TumblrConnectoreIntegrationTest" name="testTumblrFollow"/>
  <testcase time="1.144" classname="org.wso2.carbon.connector.integration.test.tumblr.TumblrConnectoreIntegrationTest" name="testTumblrGetFollowing"/>
  <testcase time="1.09" classname="org.wso2.carbon.connector.integration.test.tumblr.TumblrConnectoreIntegrationTest" name="testTumblrGetLikes"/>
  <testcase time="3.054" classname="org.wso2.carbon.connector.integration.test.tumblr.TumblrConnectoreIntegrationTest" name="testTumblrGetUserDashboard"/>
  <testcase time="1.077" classname="org.wso2.carbon.connector.integration.test.tumblr.TumblrConnectoreIntegrationTest" name="testTumblrGetUserInfo"/>
  <testcase time="1.077" classname="org.wso2.carbon.connector.integration.test.tumblr.TumblrConnectoreIntegrationTest" name="testTumblrLike"/>
  <testcase time="1.076" classname="org.wso2.carbon.connector.integration.test.tumblr.TumblrConnectoreIntegrationTest" name="testTumblrUnFollow"/>
  <testcase time="1.079" classname="org.wso2.carbon.connector.integration.test.tumblr.TumblrConnectoreIntegrationTest" name="testTumblrUnLike"/>
  <testcase time="1.771" classname="org.wso2.carbon.connector.integration.test.tumblr.TumblrConnectoreIntegrationTest" name="testTumblrGetTaggedPosts"/>
  <testcase time="1.11" classname="org.wso2.carbon.connector.integration.test.tumblr.TumblrConnectoreIntegrationTest" name="NegativeTestTumblrCreateTextPost"/>
  <testcase time="1.037" classname="org.wso2.carbon.connector.integration.test.tumblr.TumblrConnectoreIntegrationTest" name="NegativeTestTumblrGetAvatar"/>
  <testcase time="1.041" classname="org.wso2.carbon.connector.integration.test.tumblr.TumblrConnectoreIntegrationTest" name="NegativeTestTumblrGetBlogInfo"/>
  <testcase time="1.194" classname="org.wso2.carbon.connector.integration.test.tumblr.TumblrConnectoreIntegrationTest" name="NegativeTestTumblrGetDraftedPosts"/>
  <testcase time="1.026" classname="org.wso2.carbon.connector.integration.test.tumblr.TumblrConnectoreIntegrationTest" name="NegativeTestTumblrGetFollowers"/>
  <testcase time="1.094" classname="org.wso2.carbon.connector.integration.test.tumblr.TumblrConnectoreIntegrationTest" name="NegativeTestTumblrGetPosts"/>
  <testcase time="1.063" classname="org.wso2.carbon.connector.integration.test.tumblr.TumblrConnectoreIntegrationTest" name="NegativeTestTumblrGetQueuedPosts"/>
  <testcase time="1.04" classname="org.wso2.carbon.connector.integration.test.tumblr.TumblrConnectoreIntegrationTest" name="NegativeTestTumblrEditTextPost"/>
</testsuite>